\BOOKMARK [0][-]{chapter*.4}{Kurzfassung}{}% 1
\BOOKMARK [0][-]{chapter*.5}{Abstract}{}% 2
\BOOKMARK [0][-]{section*.6}{Contents}{}% 3
\BOOKMARK [0][-]{section*.7}{List of Figures}{}% 4
\BOOKMARK [0][-]{section*.8}{List of Tables}{}% 5
\BOOKMARK [0][-]{chapter*.9}{List of Algorithms}{}% 6
\BOOKMARK [0][-]{chapter.1}{Introduction to LaTeX}{}% 7
\BOOKMARK [1][-]{section.1.1}{Installation}{chapter.1}% 8
\BOOKMARK [1][-]{section.1.2}{Editors}{chapter.1}% 9
\BOOKMARK [1][-]{section.1.3}{Compilation}{chapter.1}% 10
\BOOKMARK [1][-]{section.1.4}{Basic Functionality}{chapter.1}% 11
\BOOKMARK [1][-]{section.1.5}{Bibliography}{chapter.1}% 12
\BOOKMARK [1][-]{section.1.6}{Table of Contents}{chapter.1}% 13
\BOOKMARK [1][-]{section.1.7}{Acronyms / Glossary / Index}{chapter.1}% 14
\BOOKMARK [1][-]{section.1.8}{Tips}{chapter.1}% 15
\BOOKMARK [1][-]{section.1.9}{Resources}{chapter.1}% 16
\BOOKMARK [0][-]{chapter.2}{Additional Chapter}{}% 17
\BOOKMARK [0][-]{chapter.3}{Introduction to LaTeX}{}% 18
\BOOKMARK [1][-]{section.3.1}{Installation}{chapter.3}% 19
\BOOKMARK [1][-]{section.3.2}{Editors}{chapter.3}% 20
\BOOKMARK [1][-]{section.3.3}{Compilation}{chapter.3}% 21
\BOOKMARK [1][-]{section.3.4}{Basic Functionality}{chapter.3}% 22
\BOOKMARK [1][-]{section.3.5}{Bibliography}{chapter.3}% 23
\BOOKMARK [1][-]{section.3.6}{Table of Contents}{chapter.3}% 24
\BOOKMARK [1][-]{section.3.7}{Acronyms / Glossary / Index}{chapter.3}% 25
\BOOKMARK [1][-]{section.3.8}{Tips}{chapter.3}% 26
\BOOKMARK [1][-]{section.3.9}{Resources}{chapter.3}% 27
\BOOKMARK [0][-]{section*.11}{Bibliography}{}% 28
\BOOKMARK [0][-]{section*.12}{Index}{}% 29
\BOOKMARK [0][-]{section*.13}{Glossary}{}% 30
\BOOKMARK [0][-]{section*.15}{Acronyms}{}% 31
