\BOOKMARK [0][-]{chapter*.2}{Abstract}{}% 1
\BOOKMARK [0][-]{section*.3}{Contents}{}% 2
\BOOKMARK [0][-]{section*.4}{List of Figures}{}% 3
\BOOKMARK [0][-]{chapter.1}{Introduction}{}% 4
\BOOKMARK [0][-]{chapter.2}{Methodology}{}% 5
\BOOKMARK [0][-]{chapter.3}{Analysis of Existing Approaches}{}% 6
\BOOKMARK [1][-]{section.3.1}{Program comprehension}{chapter.3}% 7
\BOOKMARK [1][-]{section.3.2}{Analysis to support program understanding}{chapter.3}% 8
\BOOKMARK [1][-]{section.3.3}{Existing approaches}{chapter.3}% 9
\BOOKMARK [1][-]{section.3.4}{Applicability of methods for other paradigms to concatenative languages}{chapter.3}% 10
\BOOKMARK [1][-]{section.3.5}{Methods to support code readability and to improve program understanding}{chapter.3}% 11
\BOOKMARK [0][-]{chapter.4}{Results}{}% 12
\BOOKMARK [1][-]{section.4.1}{The software under investigation: Brainless}{chapter.4}% 13
\BOOKMARK [1][-]{section.4.2}{The application of the previously presented visualization methods}{chapter.4}% 14
\BOOKMARK [1][-]{section.4.3}{gfvis - A trace visualization enhancement for Gforth}{chapter.4}% 15
\BOOKMARK [0][-]{chapter.5}{Summary and Future Work}{}% 16
\BOOKMARK [1][-]{section.5.1}{Comparison with related work}{chapter.5}% 17
\BOOKMARK [1][-]{section.5.2}{Discussion of open issues}{chapter.5}% 18
\BOOKMARK [1][-]{section.5.3}{Further work to be done}{chapter.5}% 19
\BOOKMARK [1][-]{section.5.4}{Further reading}{chapter.5}% 20
\BOOKMARK [0][-]{section*.52}{Bibliography}{}% 21
